<?xml version="1.0" encoding="UTF-8"?>
<!-- Generated by org.testng.reporters.JUnitXMLReporter -->
<testsuite hostname="sony-PC" ignored="0" name="Car Loan" tests="3" failures="1" timestamp="25 Sep 2021 06:05:38 GMT" time="0.078" errors="0">
  <testcase name="TestB" time="0.0" classname="SamplePackage.DemoListeners">
    <failure type="java.lang.AssertionError" message="expected [true] but found [false]">
      <![CDATA[java.lang.AssertionError: expected [true] but found [false]
at SamplePackage.DemoListeners.TestB(DemoListeners.java:17)
... Removed 33 stack frames]]>
    </failure>
  </testcase> <!-- TestB -->
  <testcase name="TestA" time="0.0" classname="SamplePackage.DemoListeners"/>
  <testcase name="TestC" time="0.0" classname="SamplePackage.DemoListeners">
    <skipped/>
  </testcase> <!-- TestC -->
</testsuite> <!-- Car Loan -->
