<?xml version="1.0" encoding="UTF-8"?>
<!-- Generated by org.testng.reporters.JUnitXMLReporter -->
<testsuite hostname="sony-PC" ignored="0" name="Nopackage" tests="1" failures="1" timestamp="16 Jun 2020 05:29:33 GMT" time="5.814" errors="0">
  <testcase name="webtable" time="5.754" classname="Sample.WebTable">
    <failure type="org.openqa.selenium.SessionNotCreatedException" message="session not created: This version of ChromeDriver only supports Chrome version 81
Build info: version: &amp;apos;3.141.59&amp;apos;, revision: &amp;apos;e82be7d358&amp;apos;, time: &amp;apos;2018-11-14T08:17:03&amp;apos;
System info: host: &amp;apos;SONY-PC&amp;apos;, ip: &amp;apos;192.168.29.237&amp;apos;, os.name: &amp;apos;Windows 7&amp;apos;, os.arch: &amp;apos;amd64&amp;apos;, os.version: &amp;apos;6.1&amp;apos;, java.version: &amp;apos;1.8.0_231&amp;apos;
Driver info: driver.version: ChromeDriver
remote stacktrace: Backtrace:
	Ordinal0 [0x00C35E93+2449043]
	Ordinal0 [0x00B68281+1606273]
	Ordinal0 [0x00A5F889+522377]
	Ordinal0 [0x009F05F3+67059]
	Ordinal0 [0x009ECD92+52626]
	Ordinal0 [0x00A0C127+180519]
	Ordinal0 [0x00A0BF2D+180013]
	Ordinal0 [0x00A09E5B+171611]
	Ordinal0 [0x009F1DD8+73176]
	Ordinal0 [0x009F2E50+77392]
	Ordinal0 [0x009F2DE9+77289]
	Ordinal0 [0x00B7D7F7+1693687]
	GetHandleVerifier [0x00CD4576+522742]
	GetHandleVerifier [0x00CD42B4+522036]
	GetHandleVerifier [0x00CE9587+608775]
	GetHandleVerifier [0x00CD4DE6+524902]
	Ordinal0 [0x00B75BDC+1661916]
	Ordinal0 [0x00B7F15B+1700187]
	Ordinal0 [0x00B7F2C3+1700547]
	Ordinal0 [0x00B95135+1790261]
	BaseThreadInitThunk [0x75DA33AA+18]
	RtlInitializeExceptionChain [0x77429F72+99]
	RtlInitializeExceptionChain [0x77429F45+54]
">
      <![CDATA[org.openqa.selenium.SessionNotCreatedException: session not created: This version of ChromeDriver only supports Chrome version 81
Build info: version: '3.141.59', revision: 'e82be7d358', time: '2018-11-14T08:17:03'
System info: host: 'SONY-PC', ip: '192.168.29.237', os.name: 'Windows 7', os.arch: 'amd64', os.version: '6.1', java.version: '1.8.0_231'
Driver info: driver.version: ChromeDriver
remote stacktrace: Backtrace:
Ordinal0 [0x00C35E93+2449043]
Ordinal0 [0x00B68281+1606273]
Ordinal0 [0x00A5F889+522377]
Ordinal0 [0x009F05F3+67059]
Ordinal0 [0x009ECD92+52626]
Ordinal0 [0x00A0C127+180519]
Ordinal0 [0x00A0BF2D+180013]
Ordinal0 [0x00A09E5B+171611]
Ordinal0 [0x009F1DD8+73176]
Ordinal0 [0x009F2E50+77392]
Ordinal0 [0x009F2DE9+77289]
Ordinal0 [0x00B7D7F7+1693687]
GetHandleVerifier [0x00CD4576+522742]
GetHandleVerifier [0x00CD42B4+522036]
GetHandleVerifier [0x00CE9587+608775]
GetHandleVerifier [0x00CD4DE6+524902]
Ordinal0 [0x00B75BDC+1661916]
Ordinal0 [0x00B7F15B+1700187]
Ordinal0 [0x00B7F2C3+1700547]
Ordinal0 [0x00B95135+1790261]
BaseThreadInitThunk [0x75DA33AA+18]
RtlInitializeExceptionChain [0x77429F72+99]
RtlInitializeExceptionChain [0x77429F45+54]

at org.openqa.selenium.remote.W3CHandshakeResponse.lambda$errorHandler$0(W3CHandshakeResponse.java:62)
at org.openqa.selenium.remote.HandshakeResponse.lambda$getResponseFunction$0(HandshakeResponse.java:30)
at org.openqa.selenium.remote.ProtocolHandshake.lambda$createSession$0(ProtocolHandshake.java:126)
at java.util.stream.ReferencePipeline$3$1.accept(ReferencePipeline.java:193)
at java.util.Spliterators$ArraySpliterator.tryAdvance(Spliterators.java:958)
at java.util.stream.ReferencePipeline.forEachWithCancel(ReferencePipeline.java:126)
at java.util.stream.AbstractPipeline.copyIntoWithCancel(AbstractPipeline.java:499)
at java.util.stream.AbstractPipeline.copyInto(AbstractPipeline.java:486)
at java.util.stream.AbstractPipeline.wrapAndCopyInto(AbstractPipeline.java:472)
at java.util.stream.FindOps$FindOp.evaluateSequential(FindOps.java:152)
at java.util.stream.AbstractPipeline.evaluate(AbstractPipeline.java:234)
at java.util.stream.ReferencePipeline.findFirst(ReferencePipeline.java:464)
at org.openqa.selenium.remote.ProtocolHandshake.createSession(ProtocolHandshake.java:128)
at org.openqa.selenium.remote.ProtocolHandshake.createSession(ProtocolHandshake.java:74)
at org.openqa.selenium.remote.HttpCommandExecutor.execute(HttpCommandExecutor.java:136)
at org.openqa.selenium.remote.service.DriverCommandExecutor.execute(DriverCommandExecutor.java:83)
at org.openqa.selenium.remote.RemoteWebDriver.execute(RemoteWebDriver.java:552)
at org.openqa.selenium.remote.RemoteWebDriver.startSession(RemoteWebDriver.java:213)
at org.openqa.selenium.remote.RemoteWebDriver.<init>(RemoteWebDriver.java:131)
at org.openqa.selenium.chrome.ChromeDriver.<init>(ChromeDriver.java:181)
at org.openqa.selenium.chrome.ChromeDriver.<init>(ChromeDriver.java:168)
at org.openqa.selenium.chrome.ChromeDriver.<init>(ChromeDriver.java:123)
at TestBase.TestInitialization.TestInitialization1(TestInitialization.java:14)
at ObjectRepository.Repository1.Repository(Repository1.java:13)
at Sample.WebTable.webtable(WebTable.java:20)
... Removed 33 stack frames]]>
    </failure>
  </testcase> <!-- webtable -->
</testsuite> <!-- Nopackage -->
