<?xml version="1.0" encoding="UTF-8"?>
<testng-results skipped="0" failed="0" ignored="0" total="1" passed="1">
  <reporter-output>
  </reporter-output>
  <suite name="Suite1" duration-ms="7854" started-at="2020-03-12T05:58:01Z" finished-at="2020-03-12T05:58:09Z">
    <groups>
    </groups>
    <test name="Nopackage" duration-ms="7854" started-at="2020-03-12T05:58:01Z" finished-at="2020-03-12T05:58:09Z">
      <class name="Sample.DropDown">
        <test-method status="PASS" signature="dropDown()[pri:0, instance:Sample.DropDown@7e07db1f]" name="dropDown" duration-ms="7830" started-at="2020-03-12T05:58:01Z" finished-at="2020-03-12T05:58:09Z">
          <reporter-output>
          </reporter-output>
        </test-method> <!-- dropDown -->
      </class> <!-- Sample.DropDown -->
    </test> <!-- Nopackage -->
  </suite> <!-- Suite1 -->
</testng-results>
