<?xml version="1.0" encoding="UTF-8"?>
<testng-results skipped="0" failed="0" ignored="0" total="1" passed="1">
  <reporter-output>
  </reporter-output>
  <suite name="Suite1" duration-ms="44270" started-at="2021-10-24T10:26:15Z" finished-at="2021-10-24T10:26:59Z">
    <groups>
    </groups>
    <test name="Nopackage" duration-ms="44270" started-at="2021-10-24T10:26:15Z" finished-at="2021-10-24T10:26:59Z">
      <class name="Sample.Clicks">
        <test-method status="PASS" signature="clicks()[pri:0, instance:Sample.Clicks@28701274]" name="clicks" duration-ms="44239" started-at="2021-10-24T10:26:15Z" finished-at="2021-10-24T10:26:59Z">
          <reporter-output>
          </reporter-output>
        </test-method> <!-- clicks -->
      </class> <!-- Sample.Clicks -->
    </test> <!-- Nopackage -->
  </suite> <!-- Suite1 -->
</testng-results>
